\BOOKMARK [0][-]{chapter*.1}{\376\377\000C\000o\000n\000f\000i\000d\000e\000n\000t\000i\000a\000l\000i\000t\000y\000\040\000S\000t\000a\000t\000e\000m\000e\000n\000t}{}% 1
\BOOKMARK [0][-]{chapter*.2}{\376\377\000D\000E\000C\000L\000A\000R\000A\000T\000I\000O\000N}{}% 2
\BOOKMARK [0][-]{chapter*.3}{\376\377\000C\000E\000R\000T\000I\000F\000I\000C\000A\000T\000E\000\040\000O\000F\000\040\000A\000P\000P\000R\000O\000V\000A\000L}{}% 3
\BOOKMARK [0][-]{chapter*.4}{\376\377\000A\000C\000K\000N\000O\000W\000L\000E\000D\000G\000M\000E\000N\000T}{}% 4
\BOOKMARK [0][-]{chapter*.5}{\376\377\000A\000B\000S\000T\000R\000A\000C\000T}{}% 5
\BOOKMARK [0][-]{chapter*.6}{\376\377\000T\000A\000B\000L\000E\000\040\000O\000F\000\040\000C\000O\000N\000T\000E\000N\000T\000S}{}% 6
\BOOKMARK [0][-]{chapter*.7}{\376\377\000L\000I\000S\000T\000\040\000O\000F\000\040\000F\000I\000G\000U\000R\000E\000S}{}% 7
\BOOKMARK [0][-]{chapter*.8}{\376\377\000L\000I\000S\000T\000\040\000O\000F\000\040\000T\000A\000B\000L\000E\000S}{}% 8
\BOOKMARK [0][-]{chapter*.9}{\376\377\000L\000I\000S\000T\000\040\000O\000F\000\040\000A\000C\000R\000O\000N\000Y\000M\000S\000/\000A\000B\000B\000R\000E\000V\000I\000A\000T\000I\000O\000N\000S}{}% 9
\BOOKMARK [0][-]{chapter.1}{\376\377\000I\000N\000T\000R\000O\000D\000U\000C\000T\000I\000O\000N}{}% 10
\BOOKMARK [1][-]{section.1.1}{\376\377\000O\000v\000e\000r\000v\000i\000e\000w}{chapter.1}% 11
\BOOKMARK [1][-]{section.1.2}{\376\377\000P\000r\000o\000j\000e\000c\000t\000\040\000i\000d\000e\000a}{chapter.1}% 12
\BOOKMARK [1][-]{section.1.3}{\376\377\000P\000u\000r\000p\000o\000s\000e\000\040\000o\000f\000\040\000t\000h\000e\000\040\000p\000r\000o\000j\000e\000c\000t}{chapter.1}% 13
\BOOKMARK [1][-]{section.1.4}{\376\377\000M\000o\000t\000i\000v\000a\000t\000i\000o\000n\000\040\000a\000n\000d\000\040\000N\000e\000e\000d\000\040\000o\000f\000\040\000t\000h\000e\000\040\000P\000r\000o\000j\000e\000c\000t}{chapter.1}% 14
\BOOKMARK [2][-]{subsection.1.4.1}{\376\377\000P\000r\000o\000j\000e\000c\000t\000\040\000S\000p\000e\000c\000i\000f\000i\000c\000a\000t\000i\000o\000n\000s}{section.1.4}% 15
\BOOKMARK [1][-]{section.1.5}{\376\377\000P\000r\000o\000j\000e\000c\000t\000\040\000O\000b\000j\000e\000c\000t\000i\000v\000e\000s}{chapter.1}% 16
\BOOKMARK [2][-]{subsection.1.5.1}{\376\377\000G\000e\000n\000e\000r\000a\000l\000\040\000O\000b\000j\000e\000c\000t\000i\000v\000e\000s}{section.1.5}% 17
\BOOKMARK [2][-]{subsection.1.5.2}{\376\377\000S\000p\000e\000c\000i\000f\000i\000c\000\040\000O\000b\000j\000e\000c\000t\000i\000v\000e\000s}{section.1.5}% 18
\BOOKMARK [1][-]{section.1.6}{\376\377\000S\000c\000o\000p\000e\000\040\000o\000f\000\040\000t\000h\000e\000\040\000P\000r\000o\000j\000e\000c\000t}{chapter.1}% 19
\BOOKMARK [1][-]{section.1.7}{\376\377\000S\000i\000g\000n\000i\000f\000i\000c\000a\000n\000c\000e\000\040\000o\000f\000\040\000t\000h\000e\000\040\000P\000r\000o\000j\000e\000c\000t}{chapter.1}% 20
\BOOKMARK [1][-]{section.1.8}{\376\377\000A\000p\000p\000l\000i\000c\000a\000t\000i\000o\000n\000s\000\040\000o\000f\000\040\000t\000h\000e\000\040\000P\000r\000o\000p\000o\000s\000e\000d\000\040\000S\000y\000s\000t\000e\000m}{chapter.1}% 21
\BOOKMARK [2][-]{subsection.1.8.1}{\376\377\000H\000o\000s\000p\000i\000t\000a\000l\000s}{section.1.8}% 22
\BOOKMARK [2][-]{subsection.1.8.2}{\376\377\000U\000n\000i\000v\000e\000r\000s\000i\000t\000y\000\040\000C\000a\000m\000p\000u\000s\000e\000s}{section.1.8}% 23
\BOOKMARK [2][-]{subsection.1.8.3}{\376\377\000O\000f\000f\000i\000c\000e\000\040\000B\000u\000i\000l\000d\000i\000n\000g\000s}{section.1.8}% 24
\BOOKMARK [2][-]{subsection.1.8.4}{\376\377\000I\000n\000d\000u\000s\000t\000r\000i\000a\000l\000\040\000U\000n\000i\000t\000s}{section.1.8}% 25
\BOOKMARK [2][-]{subsection.1.8.5}{\376\377\000H\000o\000t\000e\000l\000s}{section.1.8}% 26
\BOOKMARK [2][-]{subsection.1.8.6}{\376\377\000E\000m\000e\000r\000g\000e\000n\000c\000y\000\040\000a\000n\000d\000\040\000D\000i\000s\000a\000s\000t\000e\000r\000\040\000Z\000o\000n\000e\000s}{section.1.8}% 27
\BOOKMARK [1][-]{section.1.9}{\376\377\000L\000i\000m\000i\000t\000a\000t\000i\000o\000n\000s\000\040\000o\000f\000\040\000t\000h\000e\000\040\000S\000y\000s\000t\000e\000m}{chapter.1}% 28
\BOOKMARK [1][-]{section.1.10}{\376\377\000P\000r\000o\000j\000e\000c\000t\000\040\000P\000l\000a\000n}{chapter.1}% 29
\BOOKMARK [1][-]{section.1.11}{\376\377\000P\000r\000o\000j\000e\000c\000t\000\040\000T\000i\000m\000e\000l\000i\000n\000e}{chapter.1}% 30
\BOOKMARK [2][-]{subsection.1.11.1}{\376\377\000T\000a\000r\000g\000e\000t\000e\000d\000\040\000S\000u\000s\000t\000a\000i\000n\000a\000b\000l\000e\000\040\000D\000e\000v\000e\000l\000o\000p\000m\000e\000n\000t\000\040\000G\000o\000a\000l\000s}{section.1.11}% 31
\BOOKMARK [1][-]{section.1.12}{\376\377\000R\000e\000p\000o\000r\000t\000\040\000O\000r\000g\000a\000n\000i\000z\000a\000t\000i\000o\000n}{chapter.1}% 32
\BOOKMARK [1][-]{section.1.13}{\376\377\000C\000h\000a\000p\000t\000e\000r\000\040\000S\000u\000m\000m\000a\000r\000y}{chapter.1}% 33
\BOOKMARK [0][-]{chapter.2}{\376\377\000L\000I\000T\000E\000R\000A\000T\000U\000R\000E\000\040\000R\000E\000V\000I\000E\000W}{}% 34
\BOOKMARK [1][-]{section.2.1}{\376\377\000B\000a\000c\000k\000g\000r\000o\000u\000n\000d}{chapter.2}% 35
\BOOKMARK [2][-]{subsection.2.1.1}{\376\377\000A\000u\000t\000o\000n\000o\000m\000o\000u\000s\000\040\000M\000o\000b\000i\000l\000e\000\040\000R\000o\000b\000o\000t\000\040\000N\000a\000v\000i\000g\000a\000t\000i\000o\000n\000\040\000F\000u\000n\000d\000a\000m\000e\000n\000t\000a\000l\000s}{section.2.1}% 36
\BOOKMARK [2][-]{subsection.2.1.2}{\376\377\000T\000r\000a\000j\000e\000c\000t\000o\000r\000y\000\040\000S\000m\000o\000o\000t\000h\000i\000n\000g\000\040\000a\000n\000d\000\040\000I\000n\000t\000e\000r\000p\000o\000l\000a\000t\000i\000o\000n}{section.2.1}% 37
\BOOKMARK [2][-]{subsection.2.1.3}{\376\377\000L\000o\000c\000a\000l\000i\000z\000a\000t\000i\000o\000n\000\040\000a\000n\000d\000\040\000M\000a\000p\000p\000i\000n\000g\000\040\000P\000r\000i\000n\000c\000i\000p\000l\000e\000s}{section.2.1}% 38
\BOOKMARK [2][-]{subsection.2.1.4}{\376\377\000P\000a\000t\000h\000\040\000P\000l\000a\000n\000n\000i\000n\000g\000\040\000a\000n\000d\000\040\000O\000b\000s\000t\000a\000c\000l\000e\000\040\000A\000v\000o\000i\000d\000a\000n\000c\000e\000\040\000F\000u\000n\000d\000a\000m\000e\000n\000t\000a\000l\000s}{section.2.1}% 39
\BOOKMARK [2][-]{subsection.2.1.5}{\376\377\000M\000o\000t\000i\000o\000n\000\040\000C\000o\000n\000t\000r\000o\000l\000\040\000a\000n\000d\000\040\000T\000r\000a\000j\000e\000c\000t\000o\000r\000y\000\040\000T\000r\000a\000c\000k\000i\000n\000g}{section.2.1}% 40
\BOOKMARK [2][-]{subsection.2.1.6}{\376\377\000R\000o\000b\000o\000t\000i\000c\000s\000\040\000M\000i\000d\000d\000l\000e\000w\000a\000r\000e\000\040\000a\000n\000d\000\040\000S\000y\000s\000t\000e\000m\000\040\000I\000n\000t\000e\000g\000r\000a\000t\000i\000o\000n}{section.2.1}% 41
\BOOKMARK [1][-]{section.2.2}{\376\377\000R\000e\000l\000a\000t\000e\000d\000\040\000T\000e\000c\000h\000n\000o\000l\000o\000g\000i\000e\000s}{chapter.2}% 42
\BOOKMARK [2][-]{subsection.2.2.1}{\376\377\000R\000e\000l\000a\000t\000e\000d\000\040\000T\000e\000c\000h\000n\000o\000l\000o\000g\000y\000\040\0001\000\040\040\023\000\040\000P\000a\000t\000h\000\040\000P\000l\000a\000n\000n\000i\000n\000g\000\040\000A\000l\000g\000o\000r\000i\000t\000h\000m\000s}{section.2.2}% 43
\BOOKMARK [3][-]{subsubsection.2.2.1.1}{\376\377\000A\000*\000\040\000A\000l\000g\000o\000r\000i\000t\000h\000m}{subsection.2.2.1}% 44
\BOOKMARK [3][-]{subsubsection.2.2.1.2}{\376\377\000I\000m\000p\000r\000o\000v\000e\000d\000\040\000A\000*\000\040\000\050\000I\000A\000*\000\051\000\040\000A\000l\000g\000o\000r\000i\000t\000h\000m}{subsection.2.2.1}% 45
\BOOKMARK [3][-]{subsubsection.2.2.1.3}{\376\377\000C\000o\000m\000p\000a\000r\000i\000s\000o\000n\000\040\000w\000i\000t\000h\000\040\000O\000t\000h\000e\000r\000\040\000P\000a\000t\000h\000\040\000P\000l\000a\000n\000n\000i\000n\000g\000\040\000A\000l\000g\000o\000r\000i\000t\000h\000m\000s}{subsection.2.2.1}% 46
\BOOKMARK [3][-]{subsubsection.2.2.1.4}{\376\377\000J\000u\000s\000t\000i\000f\000i\000c\000a\000t\000i\000o\000n\000\040\000f\000o\000r\000\040\000S\000e\000l\000e\000c\000t\000i\000n\000g\000\040\000I\000m\000p\000r\000o\000v\000e\000d\000\040\000A\000*}{subsection.2.2.1}% 47
\BOOKMARK [2][-]{subsection.2.2.2}{\376\377\000R\000e\000l\000a\000t\000e\000d\000\040\000T\000e\000c\000h\000n\000o\000l\000o\000g\000y\000\040\0002\000\040\040\023\000\040\000P\000a\000t\000h\000\040\000S\000m\000o\000o\000t\000h\000i\000n\000g\000\040\000a\000n\000d\000\040\000O\000p\000t\000i\000m\000i\000z\000a\000t\000i\000o\000n\000\040\000T\000e\000c\000h\000n\000i\000q\000u\000e\000s}{section.2.2}% 48
\BOOKMARK [3][-]{subsubsection.2.2.2.1}{\376\377\000O\000v\000e\000r\000v\000i\000e\000w}{subsection.2.2.2}% 49
\BOOKMARK [3][-]{subsubsection.2.2.2.2}{\376\377\000C\000l\000a\000s\000s\000i\000c\000a\000l\000\040\000I\000n\000t\000e\000r\000p\000o\000l\000a\000t\000i\000o\000n\000\040\000A\000p\000p\000r\000o\000a\000c\000h\000e\000s}{subsection.2.2.2}% 50
\BOOKMARK [3][-]{subsubsection.2.2.2.3}{\376\377\000O\000p\000t\000i\000m\000i\000z\000a\000t\000i\000o\000n\000-\000B\000a\000s\000e\000d\000\040\000S\000m\000o\000o\000t\000h\000i\000n\000g\000:\000\040\000P\000S\000O\000\040\000w\000i\000t\000h\000\040\000B\000e\000z\000i\000e\000r\000\040\000C\000u\000r\000v\000e\000s}{subsection.2.2.2}% 51
\BOOKMARK [3][-]{subsubsection.2.2.2.4}{\376\377\000H\000y\000b\000r\000i\000d\000\040\000A\000p\000p\000r\000o\000a\000c\000h\000e\000s\000:\000\040\000L\000o\000c\000a\000l\000\040\000P\000S\000O\000\040\000O\000p\000t\000i\000m\000i\000z\000a\000t\000i\000o\000n\000\040\000w\000i\000t\000h\000\040\000S\000p\000l\000i\000n\000e\000\040\000S\000m\000o\000o\000t\000h\000i\000n\000g}{subsection.2.2.2}% 52
\BOOKMARK [3][-]{subsubsection.2.2.2.5}{\376\377\000J\000u\000s\000t\000i\000f\000i\000c\000a\000t\000i\000o\000n\000\040\000f\000o\000r\000\040\000C\000u\000b\000i\000c\000\040\000S\000p\000l\000i\000n\000e\000\040\000S\000e\000l\000e\000c\000t\000i\000o\000n}{subsection.2.2.2}% 53
\BOOKMARK [2][-]{subsection.2.2.3}{\376\377\000R\000e\000l\000a\000t\000e\000d\000\040\000T\000e\000c\000h\000n\000o\000l\000o\000g\000y\000\040\0003\000\040\040\023\000\040\000P\000a\000r\000t\000i\000c\000l\000e\000\040\000S\000w\000a\000r\000m\000\040\000O\000p\000t\000i\000m\000i\000z\000a\000t\000i\000o\000n\000\040\000\050\000P\000S\000O\000\051\000\040\000B\000a\000s\000e\000d\000\040\000P\000a\000t\000h\000\040\000P\000l\000a\000n\000n\000i\000n\000g}{section.2.2}% 54
\BOOKMARK [3][-]{subsubsection.2.2.3.1}{\376\377\000R\000e\000l\000e\000v\000a\000n\000c\000e\000\040\000t\000o\000\040\000O\000u\000r\000\040\000P\000r\000o\000j\000e\000c\000t}{subsection.2.2.3}% 55
\BOOKMARK [3][-]{subsubsection.2.2.3.2}{\376\377\000L\000i\000m\000i\000t\000a\000t\000i\000o\000n\000s\000\040\000I\000d\000e\000n\000t\000i\000f\000i\000e\000d}{subsection.2.2.3}% 56
\BOOKMARK [2][-]{subsection.2.2.4}{\376\377\000R\000e\000l\000a\000t\000e\000d\000\040\000T\000e\000c\000h\000n\000o\000l\000o\000g\000y\000\040\0004\000\040\040\023\000\040\000M\000o\000t\000i\000o\000n\000\040\000C\000o\000n\000t\000r\000o\000l\000\040\000S\000t\000r\000a\000t\000e\000g\000i\000e\000s\000\040\000f\000o\000r\000\040\000T\000r\000a\000j\000e\000c\000t\000o\000r\000y\000\040\000T\000r\000a\000c\000k\000i\000n\000g}{section.2.2}% 57
\BOOKMARK [3][-]{subsubsection.2.2.4.1}{\376\377\000M\000o\000d\000e\000l\000\040\000P\000r\000e\000d\000i\000c\000t\000i\000v\000e\000\040\000C\000o\000n\000t\000r\000o\000l\000\040\000\050\000M\000P\000C\000\051}{subsection.2.2.4}% 58
\BOOKMARK [3][-]{subsubsection.2.2.4.2}{\376\377\000P\000u\000r\000e\000\040\000P\000u\000r\000s\000u\000i\000t\000\040\000C\000o\000n\000t\000r\000o\000l}{subsection.2.2.4}% 59
\BOOKMARK [3][-]{subsubsection.2.2.4.3}{\376\377\000D\000e\000e\000p\000\040\000R\000e\000i\000n\000f\000o\000r\000c\000e\000m\000e\000n\000t\000\040\000L\000e\000a\000r\000n\000i\000n\000g\000\040\000\050\000D\000R\000L\000\051\000\040\000f\000o\000r\000\040\000P\000a\000t\000h\000\040\000F\000o\000l\000l\000o\000w\000i\000n\000g}{subsection.2.2.4}% 60
\BOOKMARK [3][-]{subsubsection.2.2.4.4}{\376\377\000R\000e\000l\000e\000v\000a\000n\000c\000e\000\040\000t\000o\000\040\000O\000u\000r\000\040\000P\000r\000o\000j\000e\000c\000t}{subsection.2.2.4}% 61
\BOOKMARK [2][-]{subsection.2.2.5}{\376\377\000R\000e\000l\000a\000t\000e\000d\000\040\000T\000e\000c\000h\000n\000o\000l\000o\000g\000y\000\040\0005\000\040\040\023\000\040\000C\000e\000l\000l\000u\000l\000a\000r\000\040\000D\000e\000c\000o\000m\000p\000o\000s\000i\000t\000i\000o\000n}{section.2.2}% 62
\BOOKMARK [3][-]{subsubsection.2.2.5.1}{\376\377\000R\000e\000l\000e\000v\000a\000n\000c\000e\000\040\000w\000i\000t\000h\000\040\000O\000u\000r\000\040\000P\000r\000o\000j\000e\000c\000t}{subsection.2.2.5}% 63
\BOOKMARK [3][-]{subsubsection.2.2.5.2}{\376\377\000L\000i\000m\000i\000t\000a\000t\000i\000o\000n\000s\000\040\000o\000f\000\040\000C\000e\000l\000l\000u\000l\000a\000r\000\040\000D\000e\000c\000o\000m\000p\000o\000s\000i\000t\000i\000o\000n}{subsection.2.2.5}% 64
\BOOKMARK [2][-]{subsection.2.2.6}{\376\377\000R\000e\000l\000a\000t\000e\000d\000\040\000T\000e\000c\000h\000n\000o\000l\000o\000g\000y\000\040\0006\000\040\040\023\000\040\000R\000O\000S\0002\000-\000B\000a\000s\000e\000d\000\040\000A\000u\000t\000o\000n\000o\000m\000o\000u\000s\000\040\000R\000o\000b\000o\000t\000\040\000A\000r\000c\000h\000i\000t\000e\000c\000t\000u\000r\000e\000s}{section.2.2}% 65
\BOOKMARK [3][-]{subsubsection.2.2.6.1}{\376\377\000A\000d\000v\000a\000n\000t\000a\000g\000e\000s\000\040\000a\000n\000d\000\040\000L\000i\000m\000i\000t\000a\000t\000i\000o\000n\000s\000\040\000o\000f\000\040\000R\000O\000S\0002\000-\000B\000a\000s\000e\000d\000\040\000S\000y\000s\000t\000e\000m\000s}{subsection.2.2.6}% 66
\BOOKMARK [2][-]{subsection.2.2.7}{\376\377\000R\000e\000l\000a\000t\000e\000d\000\040\000T\000e\000c\000h\000n\000o\000l\000o\000g\000y\000\040\0007\000\040\040\023\000\040\000R\000O\000S\0002\000\040\000N\000a\000v\000i\000g\000a\000t\000i\000o\000n\000\040\000S\000t\000a\000c\000k\000\040\000\050\000N\000A\000V\0002\000\040\000F\000r\000a\000m\000e\000w\000o\000r\000k\000\051}{section.2.2}% 67
\BOOKMARK [2][-]{subsection.2.2.8}{\376\377\000R\000e\000l\000a\000t\000e\000d\000\040\000T\000e\000c\000h\000n\000o\000l\000o\000g\000y\000\040\0008\000\040\040\023\000\040\000V\000i\000s\000u\000a\000l\000\040\000S\000L\000A\000M\000\040\000v\000s\000\040\000L\000i\000D\000A\000R\000-\000B\000a\000s\000e\000d\000\040\000S\000L\000A\000M}{section.2.2}% 68
\BOOKMARK [2][-]{subsection.2.2.9}{\376\377\000R\000e\000l\000a\000t\000e\000d\000\040\000T\000e\000c\000h\000n\000o\000l\000o\000g\000y\000\040\0009\000\040\040\023\000\040\000D\000R\000O\000I\000D\000-\000S\000L\000A\000M\000\040\000F\000r\000a\000m\000e\000w\000o\000r\000k\000\040\000a\000n\000d\000\040\000D\000e\000n\000s\000e\000\040\000B\000u\000n\000d\000l\000e\000\040\000A\000d\000j\000u\000s\000t\000m\000e\000n\000t}{section.2.2}% 69
\BOOKMARK [2][-]{subsection.2.2.10}{\376\377\000R\000e\000l\000a\000t\000e\000d\000\040\000T\000e\000c\000h\000n\000o\000l\000o\000g\000y\000\040\0001\0000\000\040\040\023\000\040\000M\000A\000G\000i\000C\000-\000S\000L\000A\000M\000\040\000M\000u\000l\000t\000i\000-\000A\000g\000e\000n\000t\000\040\000G\000a\000u\000s\000s\000i\000a\000n\000\040\000M\000a\000p\000p\000i\000n\000g}{section.2.2}% 70
\BOOKMARK [2][-]{subsection.2.2.11}{\376\377\000R\000e\000l\000a\000t\000e\000d\000\040\000T\000e\000c\000h\000n\000o\000l\000o\000g\000y\000\040\0001\0001\000\040\040\023\000\040\000W\000i\000l\000d\000G\000S\000-\000S\000L\000A\000M\000\040\000f\000o\000r\000\040\000D\000y\000n\000a\000m\000i\000c\000\040\000E\000n\000v\000i\000r\000o\000n\000m\000e\000n\000t\000\040\000M\000a\000p\000p\000i\000n\000g}{section.2.2}% 71
\BOOKMARK [1][-]{section.2.3}{\376\377\000R\000e\000l\000a\000t\000e\000d\000\040\000P\000r\000o\000j\000e\000c\000t\000s}{chapter.2}% 72
\BOOKMARK [1][-]{section.2.4}{\376\377\000R\000e\000l\000a\000t\000e\000d\000\040\000S\000t\000u\000d\000i\000e\000s\000\040\000/\000\040\000R\000e\000s\000e\000a\000r\000c\000h}{chapter.2}% 73
\BOOKMARK [1][-]{section.2.5}{\376\377\000L\000i\000m\000i\000t\000a\000t\000i\000o\000n\000s\000\040\000a\000n\000d\000\040\000B\000o\000t\000t\000l\000e\000n\000e\000c\000k\000s\000\040\000o\000f\000\040\000t\000h\000e\000\040\000E\000x\000i\000s\000t\000i\000n\000g\000\040\000W\000o\000r\000k}{chapter.2}% 74
\BOOKMARK [1][-]{section.2.6}{\376\377\000P\000r\000o\000b\000l\000e\000m\000\040\000S\000t\000a\000t\000e\000m\000e\000n\000t}{chapter.2}% 75
\BOOKMARK [1][-]{section.2.7}{\376\377\000S\000u\000m\000m\000a\000r\000y}{chapter.2}% 76
\BOOKMARK [0][-]{chapter.3}{\376\377\000P\000R\000O\000J\000E\000C\000T\000\040\000D\000E\000S\000I\000G\000N\000\040\000A\000N\000D\000\040\000I\000M\000P\000L\000E\000M\000E\000N\000T\000A\000T\000I\000O\000N}{}% 77
\BOOKMARK [1][-]{section.3.1}{\376\377\000P\000r\000o\000p\000o\000s\000e\000d\000\040\000D\000e\000s\000i\000g\000n\000\040\000M\000e\000t\000h\000o\000d\000o\000l\000o\000g\000y}{chapter.3}% 78
\BOOKMARK [2][-]{subsection.3.1.1}{\376\377\000O\000v\000e\000r\000a\000l\000l\000\040\000S\000y\000s\000t\000e\000m\000\040\000A\000r\000c\000h\000i\000t\000e\000c\000t\000u\000r\000e}{section.3.1}% 79
\BOOKMARK [1][-]{section.3.2}{\376\377\000A\000n\000a\000l\000y\000s\000i\000s\000\040\000P\000r\000o\000c\000e\000d\000u\000r\000e}{chapter.3}% 80
\BOOKMARK [2][-]{subsection.3.2.1}{\376\377\000P\000a\000t\000h\000\040\000P\000l\000a\000n\000n\000i\000n\000g\000\040\000P\000e\000r\000f\000o\000r\000m\000a\000n\000c\000e\000\040\000M\000e\000t\000r\000i\000c\000s}{section.3.2}% 81
\BOOKMARK [3][-]{subsubsection.3.2.1.1}{\376\377\000P\000a\000t\000h\000\040\000L\000e\000n\000g\000t\000h}{subsection.3.2.1}% 82
\BOOKMARK [3][-]{subsubsection.3.2.1.2}{\376\377\000C\000o\000l\000l\000i\000s\000i\000o\000n\000-\000F\000r\000e\000e\000\040\000V\000a\000l\000i\000d\000a\000t\000i\000o\000n}{subsection.3.2.1}% 83
\BOOKMARK [3][-]{subsubsection.3.2.1.3}{\376\377\000W\000a\000y\000p\000o\000i\000n\000t\000\040\000D\000e\000n\000s\000i\000t\000y}{subsection.3.2.1}% 84
\BOOKMARK [2][-]{subsection.3.2.2}{\376\377\000P\000a\000t\000h\000\040\000O\000p\000t\000i\000m\000i\000z\000a\000t\000i\000o\000n\000\040\000a\000n\000d\000\040\000S\000m\000o\000o\000t\000h\000n\000e\000s\000s\000\040\000E\000v\000a\000l\000u\000a\000t\000i\000o\000n}{section.3.2}% 85
\BOOKMARK [3][-]{subsubsection.3.2.2.1}{\376\377\000C\000u\000r\000v\000a\000t\000u\000r\000e\000\040\000C\000o\000n\000t\000i\000n\000u\000i\000t\000y}{subsection.3.2.2}% 86
\BOOKMARK [3][-]{subsubsection.3.2.2.2}{\376\377\000T\000u\000r\000n\000i\000n\000g\000\040\000A\000n\000g\000l\000e\000\040\000A\000n\000a\000l\000y\000s\000i\000s}{subsection.3.2.2}% 87
\BOOKMARK [3][-]{subsubsection.3.2.2.3}{\376\377\000W\000a\000y\000p\000o\000i\000n\000t\000\040\000R\000e\000d\000u\000c\000t\000i\000o\000n\000\040\000R\000a\000t\000i\000o}{subsection.3.2.2}% 88
\BOOKMARK [2][-]{subsection.3.2.3}{\376\377\000T\000r\000a\000j\000e\000c\000t\000o\000r\000y\000\040\000T\000r\000a\000c\000k\000i\000n\000g\000\040\000P\000e\000r\000f\000o\000r\000m\000a\000n\000c\000e\000\040\000M\000e\000t\000r\000i\000c\000s}{section.3.2}% 89
\BOOKMARK [3][-]{subsubsection.3.2.3.1}{\376\377\000T\000r\000a\000c\000k\000i\000n\000g\000\040\000E\000r\000r\000o\000r}{subsection.3.2.3}% 90
\BOOKMARK [3][-]{subsubsection.3.2.3.2}{\376\377\000O\000r\000i\000e\000n\000t\000a\000t\000i\000o\000n\000\040\000E\000r\000r\000o\000r}{subsection.3.2.3}% 91
\BOOKMARK [3][-]{subsubsection.3.2.3.3}{\376\377\000V\000e\000l\000o\000c\000i\000t\000y\000\040\000T\000r\000a\000c\000k\000i\000n\000g\000\040\000A\000c\000c\000u\000r\000a\000c\000y}{subsection.3.2.3}% 92
\BOOKMARK [2][-]{subsection.3.2.4}{\376\377\000C\000o\000m\000p\000u\000t\000a\000t\000i\000o\000n\000a\000l\000\040\000E\000f\000f\000i\000c\000i\000e\000n\000c\000y\000\040\000A\000n\000a\000l\000y\000s\000i\000s}{section.3.2}% 93
\BOOKMARK [2][-]{subsection.3.2.5}{\376\377\000N\000a\000v\000i\000g\000a\000t\000i\000o\000n\000\040\000R\000e\000l\000i\000a\000b\000i\000l\000i\000t\000y\000\040\000A\000s\000s\000e\000s\000s\000m\000e\000n\000t\000\040\000i\000n\000\040\000D\000y\000n\000a\000m\000i\000c\000\040\000E\000n\000v\000i\000r\000o\000n\000m\000e\000n\000t\000s}{section.3.2}% 94
\BOOKMARK [1][-]{section.3.3}{\376\377\000D\000e\000s\000i\000g\000n\000\040\000o\000f\000\040\000t\000h\000e\000\040\000P\000r\000o\000j\000e\000c\000t\000\040\000H\000a\000r\000d\000w\000a\000r\000e}{chapter.3}% 95
\BOOKMARK [1][-]{section.3.4}{\376\377\000D\000e\000s\000i\000g\000n\000\040\000o\000f\000\040\000t\000h\000e\000\040\000P\000r\000o\000j\000e\000c\000t\000\040\000S\000o\000f\000t\000w\000a\000r\000e\000/\000A\000l\000g\000o\000r\000i\000t\000h\000m}{chapter.3}% 96
\BOOKMARK [2][-]{subsection.3.4.1}{\376\377\000S\000o\000f\000t\000w\000a\000r\000e\000\040\000A\000r\000c\000h\000i\000t\000e\000c\000t\000u\000r\000e\000\040\000a\000n\000d\000\040\000I\000n\000t\000e\000g\000r\000a\000t\000i\000o\000n}{section.3.4}% 97
\BOOKMARK [1][-]{section.3.5}{\376\377\000I\000m\000p\000l\000e\000m\000e\000n\000t\000a\000t\000i\000o\000n\000\040\000P\000r\000o\000c\000e\000d\000u\000r\000e}{chapter.3}% 98
\BOOKMARK [2][-]{subsection.3.5.1}{\376\377\000P\000h\000a\000s\000e\000\040\0001\000:\000\040\000P\000a\000t\000h\000\040\000P\000l\000a\000n\000n\000i\000n\000g\000\040\000A\000l\000g\000o\000r\000i\000t\000h\000m\000\040\000I\000m\000p\000l\000e\000m\000e\000n\000t\000a\000t\000i\000o\000n}{section.3.5}% 99
\BOOKMARK [3][-]{subsubsection.3.5.1.1}{\376\377\000A\000*\000\040\000A\000l\000g\000o\000r\000i\000t\000h\000m\000\040\000I\000m\000p\000l\000e\000m\000e\000n\000t\000a\000t\000i\000o\000n}{subsection.3.5.1}% 100
\BOOKMARK [3][-]{subsubsection.3.5.1.2}{\376\377\000P\000a\000t\000h\000\040\000P\000r\000u\000n\000i\000n\000g\000\040\000I\000m\000p\000l\000e\000m\000e\000n\000t\000a\000t\000i\000o\000n}{subsection.3.5.1}% 101
\BOOKMARK [3][-]{subsubsection.3.5.1.3}{\376\377\000P\000S\000O\000-\000B\000a\000s\000e\000d\000\040\000P\000a\000t\000h\000\040\000S\000m\000o\000o\000t\000h\000i\000n\000g\000\040\000I\000m\000p\000l\000e\000m\000e\000n\000t\000a\000t\000i\000o\000n}{subsection.3.5.1}% 102
\BOOKMARK [2][-]{subsection.3.5.2}{\376\377\000P\000h\000a\000s\000e\000\040\0002\000:\000\040\000W\000e\000b\000\040\000I\000n\000t\000e\000r\000f\000a\000c\000e\000\040\000I\000m\000p\000l\000e\000m\000e\000n\000t\000a\000t\000i\000o\000n}{section.3.5}% 103
\BOOKMARK [3][-]{subsubsection.3.5.2.1}{\376\377\000F\000r\000o\000n\000t\000e\000n\000d\000\040\000a\000n\000d\000\040\000B\000a\000c\000k\000e\000n\000d\000\040\000T\000e\000c\000h\000n\000o\000l\000o\000g\000y\000\040\000S\000t\000a\000c\000k}{subsection.3.5.2}% 104
\BOOKMARK [3][-]{subsubsection.3.5.2.2}{\376\377\000F\000r\000o\000n\000t\000e\000n\000d\000\040\000D\000e\000v\000e\000l\000o\000p\000m\000e\000n\000t}{subsection.3.5.2}% 105
\BOOKMARK [3][-]{subsubsection.3.5.2.3}{\376\377\000B\000a\000c\000k\000e\000n\000d\000\040\000S\000e\000r\000v\000e\000r\000\040\000D\000e\000v\000e\000l\000o\000p\000m\000e\000n\000t}{subsection.3.5.2}% 106
\BOOKMARK [2][-]{subsection.3.5.3}{\376\377\000P\000h\000a\000s\000e\000\040\0003\000:\000\040\000W\000e\000b\000\040\000P\000l\000a\000t\000f\000o\000r\000m\000\040\000I\000n\000t\000e\000g\000r\000a\000t\000i\000o\000n}{section.3.5}% 107
\BOOKMARK [3][-]{subsubsection.3.5.3.1}{\376\377\000W\000o\000r\000k\000s\000p\000a\000c\000e\000\040\000C\000o\000n\000f\000i\000g\000u\000r\000a\000t\000i\000o\000n}{subsection.3.5.3}% 108
\BOOKMARK [3][-]{subsubsection.3.5.3.2}{\376\377\000O\000b\000s\000t\000a\000c\000l\000e\000\040\000P\000l\000a\000c\000e\000m\000e\000n\000t}{subsection.3.5.3}% 109
\BOOKMARK [3][-]{subsubsection.3.5.3.3}{\376\377\000S\000t\000a\000r\000t\000\040\000a\000n\000d\000\040\000G\000o\000a\000l\000\040\000P\000o\000s\000i\000t\000i\000o\000n\000\040\000S\000e\000l\000e\000c\000t\000i\000o\000n}{subsection.3.5.3}% 110
\BOOKMARK [3][-]{subsubsection.3.5.3.4}{\376\377\000A\000l\000g\000o\000r\000i\000t\000h\000m\000\040\000S\000e\000l\000e\000c\000t\000i\000o\000n\000\040\000a\000n\000d\000\040\000E\000x\000e\000c\000u\000t\000i\000o\000n}{subsection.3.5.3}% 111
\BOOKMARK [3][-]{subsubsection.3.5.3.5}{\376\377\000P\000a\000t\000h\000\040\000V\000i\000s\000u\000a\000l\000i\000z\000a\000t\000i\000o\000n\000\040\000a\000n\000d\000\040\000O\000u\000t\000p\000u\000t}{subsection.3.5.3}% 112
\BOOKMARK [2][-]{subsection.3.5.4}{\376\377\000P\000h\000a\000s\000e\000\040\0004\000:\000\040\000M\000P\000C\000\040\000C\000o\000n\000t\000r\000o\000l\000l\000e\000r\000\040\000I\000m\000p\000l\000e\000m\000e\000n\000t\000a\000t\000i\000o\000n}{section.3.5}% 113
\BOOKMARK [3][-]{subsubsection.3.5.4.1}{\376\377\000C\000o\000n\000t\000r\000o\000l\000l\000e\000r\000\040\000D\000e\000v\000e\000l\000o\000p\000m\000e\000n\000t}{subsection.3.5.4}% 114
\BOOKMARK [2][-]{subsection.3.5.5}{\376\377\000P\000h\000a\000s\000e\000\040\0005\000:\000\040\000D\000y\000n\000a\000m\000i\000c\000\040\000P\000r\000o\000g\000r\000a\000m\000m\000i\000n\000g\000\040\000I\000n\000t\000e\000g\000r\000a\000t\000i\000o\000n}{section.3.5}% 115
\BOOKMARK [3][-]{subsubsection.3.5.5.1}{\376\377\000C\000e\000l\000l\000\040\000D\000e\000c\000o\000m\000p\000o\000s\000i\000t\000i\000o\000n\000\040\000I\000m\000p\000l\000e\000m\000e\000n\000t\000a\000t\000i\000o\000n}{subsection.3.5.5}% 116
\BOOKMARK [3][-]{subsubsection.3.5.5.2}{\376\377\000W\000e\000b\000\040\000I\000n\000t\000e\000g\000r\000a\000t\000i\000o\000n}{subsection.3.5.5}% 117
\BOOKMARK [2][-]{subsection.3.5.6}{\376\377\000P\000h\000a\000s\000e\000\040\0006\000:\000\040\000R\000O\000S\0002\000\040\000a\000n\000d\000\040\000G\000a\000z\000e\000b\000o\000\040\000S\000e\000t\000u\000p}{section.3.5}% 118
\BOOKMARK [3][-]{subsubsection.3.5.6.1}{\376\377\000V\000i\000r\000t\000u\000a\000l\000\040\000E\000n\000v\000i\000r\000o\000n\000m\000e\000n\000t\000\040\000C\000o\000n\000f\000i\000g\000u\000r\000a\000t\000i\000o\000n}{subsection.3.5.6}% 119
\BOOKMARK [3][-]{subsubsection.3.5.6.2}{\376\377\000R\000O\000S\0002\000\040\000J\000a\000z\000z\000y\000\040\000I\000n\000s\000t\000a\000l\000l\000a\000t\000i\000o\000n}{subsection.3.5.6}% 120
\BOOKMARK [3][-]{subsubsection.3.5.6.3}{\376\377\000G\000a\000z\000e\000b\000o\000\040\000S\000i\000m\000u\000l\000a\000t\000i\000o\000n\000\040\000S\000e\000t\000u\000p}{subsection.3.5.6}% 121
\BOOKMARK [3][-]{subsubsection.3.5.6.4}{\376\377\000R\000O\000S\0002\000\040\000N\000o\000d\000e\000\040\000D\000e\000v\000e\000l\000o\000p\000m\000e\000n\000t}{subsection.3.5.6}% 122
\BOOKMARK [2][-]{subsection.3.5.7}{\376\377\000S\000y\000s\000t\000e\000m\000\040\000I\000n\000t\000e\000g\000r\000a\000t\000i\000o\000n\000\040\000a\000n\000d\000\040\000T\000e\000s\000t\000i\000n\000g}{section.3.5}% 123
\BOOKMARK [1][-]{section.3.6}{\376\377\000D\000e\000t\000a\000i\000l\000s\000\040\000o\000f\000\040\000S\000i\000m\000u\000l\000a\000t\000i\000o\000n\000s\000\040\000/\000\040\000M\000a\000t\000h\000e\000m\000a\000t\000i\000c\000a\000l\000\040\000M\000o\000d\000e\000l\000i\000n\000g}{chapter.3}% 124
\BOOKMARK [2][-]{subsection.3.6.1}{\376\377\000R\000o\000b\000o\000t\000\040\000K\000i\000n\000e\000m\000a\000t\000i\000c\000\040\000M\000o\000d\000e\000l\000i\000n\000g}{section.3.6}% 125
\BOOKMARK [2][-]{subsection.3.6.2}{\376\377\000M\000a\000t\000h\000e\000m\000a\000t\000i\000c\000a\000l\000\040\000M\000o\000d\000e\000l\000i\000n\000g\000\040\000o\000f\000\040\000P\000a\000t\000h\000\040\000P\000l\000a\000n\000n\000i\000n\000g}{section.3.6}% 126
\BOOKMARK [2][-]{subsection.3.6.3}{\376\377\000O\000p\000t\000i\000m\000i\000z\000a\000t\000i\000o\000n\000\040\000F\000o\000r\000m\000u\000l\000a\000t\000i\000o\000n\000\040\000o\000f\000\040\000P\000S\000O\000\040\000S\000m\000o\000o\000t\000h\000i\000n\000g}{section.3.6}% 127
\BOOKMARK [2][-]{subsection.3.6.4}{\376\377\000M\000a\000t\000h\000e\000m\000a\000t\000i\000c\000a\000l\000\040\000F\000o\000r\000m\000u\000l\000a\000t\000i\000o\000n\000\040\000o\000f\000\040\000M\000P\000C\000\040\000C\000o\000n\000t\000r\000o\000l\000l\000e\000r}{section.3.6}% 128
\BOOKMARK [2][-]{subsection.3.6.5}{\376\377\000A\000l\000g\000o\000r\000i\000t\000h\000m\000\040\000P\000a\000r\000a\000m\000e\000t\000e\000r\000s\000\040\000a\000n\000d\000\040\000C\000o\000n\000f\000i\000g\000u\000r\000a\000t\000i\000o\000n}{section.3.6}% 129
\BOOKMARK [2][-]{subsection.3.6.6}{\376\377\000A\000l\000g\000o\000r\000i\000t\000h\000m\000\040\000S\000e\000l\000e\000c\000t\000i\000o\000n\000\040\000a\000n\000d\000\040\000J\000u\000s\000t\000i\000f\000i\000c\000a\000t\000i\000o\000n}{section.3.6}% 130
\BOOKMARK [1][-]{section.3.7}{\376\377\000D\000e\000t\000a\000i\000l\000s\000\040\000o\000f\000\040\000F\000i\000n\000a\000l\000\040\000W\000o\000r\000k\000i\000n\000g\000\040\000P\000r\000o\000t\000o\000t\000y\000p\000e}{chapter.3}% 131
\BOOKMARK [2][-]{subsection.3.7.1}{\376\377\000G\000a\000z\000e\000b\000o\000\040\000S\000i\000m\000u\000l\000a\000t\000i\000o\000n\000\040\000E\000n\000v\000i\000r\000o\000n\000m\000e\000n\000t\000\040\000S\000t\000a\000t\000u\000s}{section.3.7}% 132
\BOOKMARK [2][-]{subsection.3.7.2}{\376\377\000W\000e\000b\000-\000B\000a\000s\000e\000d\000\040\000P\000l\000a\000n\000n\000i\000n\000g\000\040\000I\000n\000t\000e\000r\000f\000a\000c\000e\000\040\000S\000t\000a\000t\000u\000s}{section.3.7}% 133
\BOOKMARK [2][-]{subsection.3.7.3}{\376\377\000C\000u\000r\000r\000e\000n\000t\000\040\000D\000e\000v\000e\000l\000o\000p\000m\000e\000n\000t\000\040\000P\000r\000o\000g\000r\000e\000s\000s}{section.3.7}% 134
\BOOKMARK [1][-]{section.3.8}{\376\377\000C\000h\000a\000p\000t\000e\000r\000\040\000S\000u\000m\000m\000a\000r\000y}{chapter.3}% 135
\BOOKMARK [0][-]{chapter.4}{\376\377\000T\000O\000O\000L\000S\000\040\000A\000N\000D\000\040\000T\000E\000C\000H\000N\000I\000Q\000U\000E\000S}{}% 136
\BOOKMARK [1][-]{section.4.1}{\376\377\000O\000v\000e\000r\000v\000i\000e\000w}{chapter.4}% 137
\BOOKMARK [1][-]{section.4.2}{\376\377\000H\000a\000r\000d\000w\000a\000r\000e\000\040\000T\000o\000o\000l\000s\000\040\000U\000s\000e\000d}{chapter.4}% 138
\BOOKMARK [1][-]{section.4.3}{\376\377\000\040\000S\000o\000f\000t\000w\000a\000r\000e\000\040\000a\000n\000d\000\040\000S\000i\000m\000u\000l\000a\000t\000i\000o\000n\000\040\000T\000o\000o\000l\000s}{chapter.4}% 139
\BOOKMARK [2][-]{subsection.4.3.1}{\376\377\000O\000r\000a\000c\000l\000e\000\040\000V\000i\000r\000t\000u\000a\000l\000B\000o\000x}{section.4.3}% 140
\BOOKMARK [2][-]{subsection.4.3.2}{\376\377\000U\000b\000u\000n\000t\000u\000\040\000L\000i\000n\000u\000x}{section.4.3}% 141
\BOOKMARK [2][-]{subsection.4.3.3}{\376\377\000V\000i\000s\000u\000a\000l\000\040\000S\000t\000u\000d\000i\000o\000\040\000C\000o\000d\000e}{section.4.3}% 142
\BOOKMARK [2][-]{subsection.4.3.4}{\376\377\000R\000O\000S\000\040\0002\000\040\000a\000n\000d\000\040\000G\000a\000z\000e\000b\000o\000\040\000S\000i\000m\000u\000l\000a\000t\000i\000o\000n\000\040\000E\000n\000v\000i\000r\000o\000n\000m\000e\000n\000t}{section.4.3}% 143
\BOOKMARK [2][-]{subsection.4.3.5}{\376\377\000G\000o\000o\000g\000l\000e\000\040\000C\000o\000l\000a\000b\000o\000r\000a\000t\000o\000r\000y}{section.4.3}% 144
\BOOKMARK [2][-]{subsection.4.3.6}{\376\377\000G\000i\000t\000H\000u\000b}{section.4.3}% 145
\BOOKMARK [2][-]{subsection.4.3.7}{\376\377\000F\000l\000u\000t\000t\000e\000r}{section.4.3}% 146
\BOOKMARK [2][-]{subsection.4.3.8}{\376\377\000F\000l\000a\000s\000k}{section.4.3}% 147
\BOOKMARK [2][-]{subsection.4.3.9}{\376\377\000O\000v\000e\000r\000l\000e\000a\000f}{section.4.3}% 148
\BOOKMARK [1][-]{section.4.4}{\376\377\000S\000u\000m\000m\000a\000r\000y}{chapter.4}% 149
\BOOKMARK [0][-]{chapter.5}{\376\377\000P\000R\000O\000J\000E\000C\000T\000\040\000R\000E\000S\000U\000L\000T\000S\000\040\000A\000N\000D\000\040\000E\000V\000A\000L\000U\000A\000T\000I\000O\000N}{}% 150
\BOOKMARK [1][-]{section.5.1}{\376\377\000P\000h\000a\000s\000e\000\040\0001\000:\000\040\000P\000a\000t\000h\000\040\000P\000l\000a\000n\000n\000i\000n\000g\000\040\000i\000n\000\040\000V\000S\000\040\000C\000o\000d\000e}{chapter.5}% 151
\BOOKMARK [2][-]{subsection.5.1.1}{\376\377\000S\000t\000e\000p\000\040\0001\000:\000\040\000E\000x\000p\000l\000o\000r\000i\000n\000g\000\040\000t\000h\000e\000\040\000M\000a\000p\000\040\000w\000i\000t\000h\000\040\000A\000*}{section.5.1}% 152
\BOOKMARK [2][-]{subsection.5.1.2}{\376\377\000S\000t\000e\000p\000\040\0002\000:\000\040\000G\000e\000n\000e\000r\000a\000t\000i\000n\000g\000\040\000t\000h\000e\000\040\000R\000a\000w\000\040\000P\000a\000t\000h}{section.5.1}% 153
\BOOKMARK [2][-]{subsection.5.1.3}{\376\377\000S\000t\000e\000p\000\040\0003\000:\000\040\000C\000l\000e\000a\000n\000i\000n\000g\000\040\000U\000p\000\040\000t\000h\000e\000\040\000P\000a\000t\000h\000\040\000\050\000P\000r\000u\000n\000i\000n\000g\000\051}{section.5.1}% 154
\BOOKMARK [2][-]{subsection.5.1.4}{\376\377\000S\000t\000e\000p\000\040\0004\000:\000\040\000S\000m\000o\000o\000t\000h\000i\000n\000g\000\040\000t\000h\000e\000\040\000P\000a\000t\000h}{section.5.1}% 155
\BOOKMARK [1][-]{section.5.2}{\376\377\000P\000h\000a\000s\000e\000\040\0002\000:\000\040\000M\000o\000t\000i\000o\000n\000\040\000C\000o\000n\000t\000r\000o\000l\000\040\000w\000i\000t\000h\000\040\000M\000P\000C}{chapter.5}% 156
\BOOKMARK [2][-]{subsection.5.2.1}{\376\377\000B\000a\000s\000i\000c\000\040\000T\000r\000a\000c\000k\000i\000n\000g\000\040\000T\000e\000s\000t}{section.5.2}% 157
\BOOKMARK [2][-]{subsection.5.2.2}{\376\377\000T\000e\000s\000t\000i\000n\000g\000\040\000i\000n\000\040\000T\000w\000o\000\040\000D\000i\000f\000f\000e\000r\000e\000n\000t\000\040\000E\000n\000v\000i\000r\000o\000n\000m\000e\000n\000t\000s\000\040\000a\000t\000\040\000O\000n\000c\000e}{section.5.2}% 158
\BOOKMARK [3][-]{subsubsection.5.2.2.1}{\376\377\000S\000t\000a\000r\000t\000\040\000o\000f\000\040\000t\000h\000e\000\040\000M\000i\000s\000s\000i\000o\000n}{subsection.5.2.2}% 159
\BOOKMARK [3][-]{subsubsection.5.2.2.2}{\376\377\000E\000n\000d\000\040\000o\000f\000\040\000t\000h\000e\000\040\000M\000i\000s\000s\000i\000o\000n}{subsection.5.2.2}% 160
\BOOKMARK [2][-]{subsection.5.2.3}{\376\377\000K\000e\000e\000p\000i\000n\000g\000\040\000t\000h\000e\000\040\000R\000o\000b\000o\000t\000\040\000S\000a\000f\000e\000:\000\040\000O\000b\000s\000t\000a\000c\000l\000e\000\040\000I\000n\000f\000l\000a\000t\000i\000o\000n}{section.5.2}% 161
\BOOKMARK [2][-]{subsection.5.2.4}{\376\377\000M\000e\000a\000s\000u\000r\000i\000n\000g\000\040\000t\000h\000e\000\040\000T\000r\000a\000c\000k\000i\000n\000g\000\040\000E\000r\000r\000o\000r}{section.5.2}% 162
\BOOKMARK [3][-]{subsubsection.5.2.4.1}{\376\377\000S\000c\000e\000n\000a\000r\000i\000o\000\040\0001\000:\000\040\000S\000t\000a\000n\000d\000a\000r\000d\000\040\000M\000a\000z\000e}{subsection.5.2.4}% 163
\BOOKMARK [3][-]{subsubsection.5.2.4.2}{\376\377\000S\000c\000e\000n\000a\000r\000i\000o\000\040\0002\000:\000\040\000L\000a\000r\000g\000e\000\040\000O\000p\000e\000n\000\040\000W\000o\000r\000k\000s\000p\000a\000c\000e}{subsection.5.2.4}% 164
\BOOKMARK [2][-]{subsection.5.2.5}{\376\377\000S\000t\000r\000e\000s\000s\000\040\000T\000e\000s\000t\000:\000\040\000C\000i\000r\000c\000l\000e\000s\000\040\000a\000n\000d\000\040\000T\000r\000i\000a\000n\000g\000l\000e\000s}{section.5.2}% 165
\BOOKMARK [1][-]{section.5.3}{\376\377\000P\000h\000a\000s\000e\000\040\0003\000:\000\040\000W\000e\000b\000\040\000I\000n\000t\000e\000r\000f\000a\000c\000e}{chapter.5}% 166
\BOOKMARK [2][-]{subsection.5.3.1}{\376\377\000T\000h\000e\000\040\000C\000o\000n\000t\000r\000o\000l\000\040\000D\000a\000s\000h\000b\000o\000a\000r\000d}{section.5.3}% 167
\BOOKMARK [1][-]{section.5.4}{\376\377\0002\000D\000\040\000G\000l\000o\000b\000a\000l\000\040\000P\000l\000a\000n\000n\000e\000r\000\040\000R\000e\000s\000u\000l\000t\000s}{chapter.5}% 168
\BOOKMARK [2][-]{subsection.5.4.1}{\376\377\000C\000e\000l\000l\000u\000l\000a\000r\000\040\000D\000e\000c\000o\000m\000p\000o\000s\000i\000t\000i\000o\000n\000\040\000O\000u\000t\000p\000u\000t\000\040\000\050\0002\000D\000\040\000W\000o\000r\000k\000s\000p\000a\000c\000e\000\040\000P\000a\000r\000t\000i\000t\000i\000o\000n\000i\000n\000g\000\051}{section.5.4}% 169
\BOOKMARK [2][-]{subsection.5.4.2}{\376\377\000S\000c\000e\000n\000a\000r\000i\000o\000\040\000A\000:\000\040\000P\000a\000t\000h\000\040\000P\000l\000a\000n\000n\000i\000n\000g\000\040\000w\000i\000t\000h\000\040\000O\000b\000s\000t\000a\000c\000l\000e\000\040\000A\000v\000o\000i\000d\000a\000n\000c\000e}{section.5.4}% 170
\BOOKMARK [2][-]{subsection.5.4.3}{\376\377\000S\000c\000e\000n\000a\000r\000i\000o\000\040\000B\000:\000\040\000N\000a\000v\000i\000g\000a\000t\000i\000n\000g\000\040\000A\000r\000o\000u\000n\000d\000\040\000M\000u\000l\000t\000i\000p\000l\000e\000\040\000O\000b\000s\000t\000a\000c\000l\000e\000s}{section.5.4}% 171
\BOOKMARK [2][-]{subsection.5.4.4}{\376\377\000S\000c\000e\000n\000a\000r\000i\000o\000\040\000C\000:\000\040\000N\000o\000n\000-\000C\000o\000n\000v\000e\000x\000\040\000O\000b\000s\000t\000a\000c\000l\000e\000\040\000N\000e\000g\000o\000t\000i\000a\000t\000i\000o\000n}{section.5.4}% 172
\BOOKMARK [2][-]{subsection.5.4.5}{\376\377\000O\000v\000e\000r\000a\000l\000l\000\040\000O\000b\000s\000e\000r\000v\000a\000t\000i\000o\000n}{section.5.4}% 173
\BOOKMARK [1][-]{section.5.5}{\376\377\000P\000h\000a\000s\000e\000\040\0004\000:\000\040\000F\000l\000u\000t\000t\000e\000r\000\040\000W\000e\000b\000\040\000A\000p\000p\000l\000i\000c\000a\000t\000i\000o\000n\000\040\000f\000o\000r\000\040\000D\000e\000l\000i\000v\000e\000r\000y\000\040\000M\000a\000n\000a\000g\000e\000m\000e\000n\000t}{chapter.5}% 174
\BOOKMARK [2][-]{subsection.5.5.1}{\376\377\000L\000a\000n\000d\000i\000n\000g\000\040\000S\000c\000r\000e\000e\000n\000\040\000a\000n\000d\000\040\000A\000u\000t\000h\000e\000n\000t\000i\000c\000a\000t\000i\000o\000n}{section.5.5}% 175
\BOOKMARK [2][-]{subsection.5.5.2}{\376\377\000U\000s\000e\000r\000\040\000P\000o\000r\000t\000a\000l\000\040\000a\000n\000d\000\040\000D\000e\000l\000i\000v\000e\000r\000y\000\040\000R\000e\000q\000u\000e\000s\000t\000s}{section.5.5}% 176
\BOOKMARK [2][-]{subsection.5.5.3}{\376\377\000A\000d\000m\000i\000n\000i\000s\000t\000r\000a\000t\000o\000r\000\040\000O\000p\000e\000r\000a\000t\000i\000o\000n\000s\000\040\000H\000u\000b}{section.5.5}% 177
\BOOKMARK [2][-]{subsection.5.5.4}{\376\377\0002\000D\000\040\000F\000l\000o\000o\000r\000\040\000P\000l\000a\000n\000\040\000E\000d\000i\000t\000o\000r}{section.5.5}% 178
\BOOKMARK [2][-]{subsection.5.5.5}{\376\377\000L\000i\000v\000e\000\040\000R\000o\000b\000o\000t\000\040\000C\000a\000m\000e\000r\000a\000\040\000M\000o\000n\000i\000t\000o\000r\000i\000n\000g}{section.5.5}% 179
\BOOKMARK [1][-]{section.5.6}{\376\377\000P\000h\000a\000s\000e\000\040\0005\000:\000\040\000R\000O\000S\000\040\0002\000\040\000a\000n\000d\000\040\000G\000a\000z\000e\000b\000o\000\040\000S\000i\000m\000u\000l\000a\000t\000i\000o\000n\000\040\000R\000e\000s\000u\000l\000t\000s}{chapter.5}% 180
\BOOKMARK [2][-]{subsection.5.6.1}{\376\377\000C\000u\000s\000t\000o\000m\000\040\000M\000u\000l\000t\000i\000-\000R\000o\000o\000m\000\040\000D\000e\000l\000i\000v\000e\000r\000y\000\040\000E\000n\000v\000i\000r\000o\000n\000m\000e\000n\000t}{section.5.6}% 181
\BOOKMARK [2][-]{subsection.5.6.2}{\376\377\000R\000e\000f\000e\000r\000e\000n\000c\000e\000\040\000F\000l\000o\000o\000r\000\040\000P\000l\000a\000n}{section.5.6}% 182
\BOOKMARK [2][-]{subsection.5.6.3}{\376\377\000S\000L\000A\000M\000-\000B\000a\000s\000e\000d\000\040\000O\000c\000c\000u\000p\000a\000n\000c\000y\000\040\000M\000a\000p\000p\000i\000n\000g}{section.5.6}% 183
\BOOKMARK [2][-]{subsection.5.6.4}{\376\377\000P\000a\000t\000h\000\040\000P\000l\000a\000n\000n\000i\000n\000g\000\040\000a\000n\000d\000\040\000S\000m\000o\000o\000t\000h\000i\000n\000g\000\040\000i\000n\000\040\000R\000V\000i\000z}{section.5.6}% 184
\BOOKMARK [2][-]{subsection.5.6.5}{\376\377\000D\000y\000n\000a\000m\000i\000c\000\040\000O\000b\000s\000t\000a\000c\000l\000e\000\040\000A\000v\000o\000i\000d\000a\000n\000c\000e}{section.5.6}% 185
\BOOKMARK [2][-]{subsection.5.6.6}{\376\377\000A\000r\000r\000i\000v\000a\000l\000\040\000a\000t\000\040\000t\000h\000e\000\040\000D\000e\000l\000i\000v\000e\000r\000y\000\040\000P\000o\000i\000n\000t}{section.5.6}% 186
\BOOKMARK [2][-]{subsection.5.6.7}{\376\377\000C\000o\000m\000p\000l\000e\000t\000e\000\040\000D\000e\000l\000i\000v\000e\000r\000y\000\040\000M\000i\000s\000s\000i\000o\000n}{section.5.6}% 187
\BOOKMARK [1][-]{section.5.7}{\376\377\000C\000h\000a\000l\000l\000e\000n\000g\000e\000s\000\040\000F\000a\000c\000e\000d}{chapter.5}% 188
\BOOKMARK [1][-]{section.5.8}{\376\377\000S\000u\000m\000m\000a\000r\000y}{chapter.5}% 189
\BOOKMARK [0][-]{chapter.6}{\376\377\000C\000o\000n\000c\000l\000u\000s\000i\000o\000n\000\040\000a\000n\000d\000\040\000F\000u\000t\000u\000r\000e\000\040\000W\000o\000r\000k}{}% 190
\BOOKMARK [1][-]{section.6.1}{\376\377\000C\000o\000n\000c\000l\000u\000s\000i\000o\000n}{chapter.6}% 191
\BOOKMARK [1][-]{section.6.2}{\376\377\000F\000u\000t\000u\000r\000e\000\040\000W\000o\000r\000k}{chapter.6}% 192
\BOOKMARK [0][-]{chapter.7}{\376\377\000S\000U\000S\000T\000A\000I\000N\000A\000B\000L\000E\000\040\000D\000E\000V\000E\000L\000O\000P\000M\000E\000N\000T\000\040\000G\000O\000A\000L\000S\000\040\000\050\000S\000D\000G\000s\000\051}{}% 193
\BOOKMARK [1][-]{section.7.1}{\376\377\000O\000v\000e\000r\000v\000i\000e\000w\000\040\000o\000f\000\040\000S\000D\000G\000s}{chapter.7}% 194
\BOOKMARK [1][-]{section.7.2}{\376\377\000A\000l\000i\000g\000n\000m\000e\000n\000t\000\040\000o\000f\000\040\000P\000r\000o\000j\000e\000c\000t\000\040\000w\000i\000t\000h\000\040\000S\000D\000G\000s}{chapter.7}% 195
\BOOKMARK [2][-]{subsection.7.2.1}{\376\377\000S\000D\000G\000\040\0003\000:\000\040\000G\000o\000o\000d\000\040\000H\000e\000a\000l\000t\000h\000\040\000a\000n\000d\000\040\000W\000e\000l\000l\000-\000B\000e\000i\000n\000g}{section.7.2}% 196
\BOOKMARK [2][-]{subsection.7.2.2}{\376\377\000S\000D\000G\000\040\0004\000:\000\040\000Q\000u\000a\000l\000i\000t\000y\000\040\000E\000d\000u\000c\000a\000t\000i\000o\000n}{section.7.2}% 197
\BOOKMARK [2][-]{subsection.7.2.3}{\376\377\000S\000D\000G\000\040\0009\000:\000\040\000I\000n\000d\000u\000s\000t\000r\000y\000,\000\040\000I\000n\000n\000o\000v\000a\000t\000i\000o\000n\000,\000\040\000a\000n\000d\000\040\000I\000n\000f\000r\000a\000s\000t\000r\000u\000c\000t\000u\000r\000e}{section.7.2}% 198
\BOOKMARK [2][-]{subsection.7.2.4}{\376\377\000S\000D\000G\000\040\0001\0001\000:\000\040\000S\000u\000s\000t\000a\000i\000n\000a\000b\000l\000e\000\040\000C\000i\000t\000i\000e\000s\000\040\000a\000n\000d\000\040\000C\000o\000m\000m\000u\000n\000i\000t\000i\000e\000s}{section.7.2}% 199
\BOOKMARK [1][-]{section.7.3}{\376\377\000I\000m\000p\000l\000e\000m\000e\000n\000t\000a\000t\000i\000o\000n\000\040\000S\000u\000m\000m\000a\000r\000y\000\040\000T\000a\000b\000l\000e}{chapter.7}% 200
\BOOKMARK [1][-]{section.7.4}{\376\377\000C\000h\000a\000p\000t\000e\000r\000\040\000S\000u\000m\000m\000a\000r\000y}{chapter.7}% 201
